<?xml version="1.0" encoding="UTF-8"?>
<!-- Generated by org.testng.reporters.JUnitReportReporter -->
<testsuite hostname="Manish" failures="0" tests="2" name="com.evs.vtiger.testcases.ValidateLeadsFunctionality" time="17.942" errors="0" timestamp="2022-08-20T13:35:50 IST" skipped="0">
  <testcase classname="com.evs.vtiger.testcases.ValidateLeadsFunctionality" name="vt001ValidateValidLoginpage" time="5.597"/>
  <system-out>
    <![CDATA[Validation passed .Element is visible : 
Verifycation Passed. Where actual -My Home Page > Home & Expected -My Home Page > Home]]>
  </system-out>
  <testcase classname="com.evs.vtiger.testcases.ValidateLeadsFunctionality" name="vt002ValidateCreateLeads" time="12.345"/>
  <system-out/>
</testsuite> <!-- com.evs.vtiger.testcases.ValidateLeadsFunctionality -->
